2024-09-06T09:58:13.316Z [ToDo Project] error: _id is not defined
2024-09-06T10:01:17.157Z [ToDo Project] error: Cast to ObjectId failed for value "121dd1241312e32r23d" (type string) at path "_id" for model "user"
2024-09-06T10:02:39.994Z [ToDo Project] error: Cast to ObjectId failed for value "121dd1241312e32r23d" (type string) at path "_id" for model "user"
2024-09-06T10:03:15.512Z [ToDo Project] error: Cast to ObjectId failed for value "121dd1241312e32r23d" (type string) at path "_id" for model "user"
2024-09-06T10:06:16.307Z [ToDo Project] error: Class constructor ObjectId cannot be invoked without 'new'
2024-09-06T10:07:39.871Z [ToDo Project] error: _id is not defined
2024-09-06T10:29:03.971Z [ToDo Project] error: id : 66d9f154ca0bf1fe3c5dd7fd has same issue...!!!
2024-09-06T10:42:04.472Z [ToDo Project] error: Cast to ObjectId failed for value "66dadc629b056873936477e2q" (type string) at path "_id" for model "user"
2024-09-06T14:55:37.734Z [ToDo Project] error: Cannot read properties of null (reading 'password')
2024-09-06T15:02:45.257Z [ToDo Project] error: generateJWTToken is not a function
2024-09-06T15:05:01.068Z [ToDo Project] error: customJWTToken is not a function
2024-09-06T15:05:23.083Z [ToDo Project] error: customJWTToken is not a function
2024-09-07T03:21:49.335Z [ToDo Project] error: customJWTToken is not a function
2024-09-07T03:23:21.398Z [ToDo Project] error: customJWTToken is not a function
2024-09-07T09:00:17.452Z [ToDo Project] error: Password must be at least 8 characters long
2024-09-07T09:03:34.736Z [ToDo Project] error: Password must be at least 8 characters long
2024-09-07T09:04:13.162Z [ToDo Project] error: Password must be at least 8 characters long
2024-09-07T09:04:28.305Z [ToDo Project] error: Password must be at least 8 characters long
2024-09-07T09:05:10.703Z [ToDo Project] error: OtpModel is not defined
2024-09-07T09:06:01.807Z [ToDo Project] error: OtpModel is not defined
2024-09-07T09:07:22.091Z [ToDo Project] error: Cast to ObjectId failed for value "{ email: 'jiwane@gmail.com' }" (type Object) at path "_id" for model "user"
2024-09-07T09:09:54.455Z [ToDo Project] error: Cast to ObjectId failed for value "{ email: 'jiwane@gmail.com' }" (type Object) at path "_id" for model "user"
2024-09-07T09:13:39.666Z [ToDo Project] error: facing issue while logging with email :jiwane@gmail.com
