2024-09-06T09:58:13.316Z [ToDo Project] error: _id is not defined
2024-09-06T10:01:17.157Z [ToDo Project] error: Cast to ObjectId failed for value "121dd1241312e32r23d" (type string) at path "_id" for model "user"
2024-09-06T10:02:39.994Z [ToDo Project] error: Cast to ObjectId failed for value "121dd1241312e32r23d" (type string) at path "_id" for model "user"
2024-09-06T10:03:15.512Z [ToDo Project] error: Cast to ObjectId failed for value "121dd1241312e32r23d" (type string) at path "_id" for model "user"
2024-09-06T10:06:16.307Z [ToDo Project] error: Class constructor ObjectId cannot be invoked without 'new'
2024-09-06T10:07:39.871Z [ToDo Project] error: _id is not defined
2024-09-06T10:29:03.971Z [ToDo Project] error: id : 66d9f154ca0bf1fe3c5dd7fd has same issue...!!!
2024-09-06T10:42:04.472Z [ToDo Project] error: Cast to ObjectId failed for value "66dadc629b056873936477e2q" (type string) at path "_id" for model "user"
2024-09-06T14:55:37.734Z [ToDo Project] error: Cannot read properties of null (reading 'password')
2024-09-06T15:02:45.257Z [ToDo Project] error: generateJWTToken is not a function
2024-09-06T15:05:01.068Z [ToDo Project] error: customJWTToken is not a function
2024-09-06T15:05:23.083Z [ToDo Project] error: customJWTToken is not a function
2024-09-07T03:21:49.335Z [ToDo Project] error: customJWTToken is not a function
2024-09-07T03:23:21.398Z [ToDo Project] error: customJWTToken is not a function
2024-09-07T09:00:17.452Z [ToDo Project] error: Password must be at least 8 characters long
2024-09-07T09:03:34.736Z [ToDo Project] error: Password must be at least 8 characters long
2024-09-07T09:04:13.162Z [ToDo Project] error: Password must be at least 8 characters long
2024-09-07T09:04:28.305Z [ToDo Project] error: Password must be at least 8 characters long
2024-09-07T09:05:10.703Z [ToDo Project] error: OtpModel is not defined
2024-09-07T09:06:01.807Z [ToDo Project] error: OtpModel is not defined
2024-09-07T09:07:22.091Z [ToDo Project] error: Cast to ObjectId failed for value "{ email: 'jiwane@gmail.com' }" (type Object) at path "_id" for model "user"
2024-09-07T09:09:54.455Z [ToDo Project] error: Cast to ObjectId failed for value "{ email: 'jiwane@gmail.com' }" (type Object) at path "_id" for model "user"
2024-09-07T09:13:39.666Z [ToDo Project] error: facing issue while logging with email :jiwane@gmail.com
2024-09-09T13:46:45.024Z [ToDo Project] error: todo_list validation failed: todo.0._id: Cast to ObjectId failed for value "abc" (type string) at path "_id" because of "BSONError", todo.1._id: Cast to ObjectId failed for value "abc2" (type string) at path "_id" because of "BSONError", todo.0.desc: please provide the title, todo.0.title: please provide the title, todo.1.desc: please provide the title, todo.1.title: please provide the title
2024-09-09T14:07:57.729Z [ToDo Project] error: _id is not defined
2024-09-09T17:07:57.205Z [ToDo Project] error: Cannot read properties of undefined (reading 'title')
2024-09-09T17:14:22.334Z [ToDo Project] error: Class constructor ObjectId cannot be invoked without 'new'
2024-09-09T17:15:31.768Z [ToDo Project] error: Cannot populate path `user` because it is not in your schema. Set the `strictPopulate` option to false to override.
2024-09-09T17:18:14.616Z [ToDo Project] error: Cannot populate path `user` because it is not in your schema. Set the `strictPopulate` option to false to override.
2024-09-09T17:24:47.872Z [ToDo Project] error: Schema hasn't been registered for model "userModel".
Use mongoose.model(name, schema)
2024-09-10T06:47:07.780Z [ToDo Project] error: todo validation failed: userId: Cast to ObjectId failed for value "123asd456wqer" (type string) at path "userId" because of "BSONError"
2024-09-10T06:54:21.152Z [ToDo Project] error: otp is not defined
2024-09-10T07:30:18.179Z [ToDo Project] error: Invalid userId
